<?xml version="1.0" encoding="UTF-8"?>
<!-- Generated by org.testng.reporters.JUnitReportReporter -->
<testsuite skipped="0" hostname="LAPTOP-9K4D7D1I" name="qumu.RunnerTest" tests="3" failures="0" timestamp="2022-11-05T18:07:54 IST" time="0.320" errors="0">
  <testcase name="feature" time="0.297" classname="qumu.RunnerTest"/>
  <testcase name="feature" time="0.006" classname="qumu.RunnerTest"/>
  <testcase name="feature" time="0.017" classname="qumu.RunnerTest"/>
</testsuite> <!-- qumu.RunnerTest -->
